--2024-09-18 11:09:35--  https://drive.endcloudhost.com/user_drive/sampvoice.so?file=e70ii73fj56uv7t8842gbc
Resolving drive.endcloudhost.com (drive.endcloudhost.com)... 172.232.124.96
Connecting to drive.endcloudhost.com (drive.endcloudhost.com)|172.232.124.96|:443... connected.
HTTP request sent, awaiting response... 200 OK
Length: unspecified
Saving to: '/home/container/plugins/endcloud_sampvoice.so'

     0K .......... .......... .......... .......... ..........  140M
    50K .......... .......... .......... .......... .......... 3.19M
   100K .......... .......... .......... .......... .......... 3.16M
   150K .......... .......... .......... .......... .......... 3.16M
   200K .......... .......... .......... .......... ..........  219M
   250K .......... .......... .......... .......... .......... 2.98M
   300K .......... .......... .......... .......... .......... 3.35M
   350K .......... .......... .......... .......... .......... 2.95M
   400K .......... .......... .......... .......... .......... 3.38M
   450K .......... .......... .......... .......... ..........  121M
   500K .......... .......... .......... .......... .......... 3.00M
   550K .......... .......... .......... .......... .......... 3.12M
   600K .......... .......... .......... .......... .......... 3.41M
   650K .......... .......... .......... .......... ..........  142M
   700K .......... .......... .......... .......... .......... 2.98M
   750K .......... .......... .......... .......... .......... 3.20M
   800K .......... .......... .......... .......... .......... 3.16M
   850K .......... .......... .......... .......... .......... 3.00M
   900K .......... .......... .......... .......... ..........  154M
   950K .......... .......... .......... .......... .......... 3.36M
  1000K .......... .......... .......... .......... .......... 2.99M
  1050K .......... .......... .......... .......... .......... 3.14M
  1100K .......... .......... .......... .......... .......... 69.2M
  1150K .......... .......... .......... .......... .......... 3.29M
  1200K .......... .......... .......... .......... .......... 3.16M
  1250K .......... .......... .......... .......... .......... 2.98M
  1300K .......... .......... .......... .......... .......... 3.32M
  1350K .......... .......... .......... .......... ..........  152M
  1400K .......... .......... .......... .......... .......... 3.02M
  1450K .......... .......... .......... .......... .......... 3.36M
  1500K .......... .......... .......... .......... .......... 2.98M
  1550K .......... .......... .......... .......... .......... 3.15M
  1600K .......... .......... .......... .......... ..........  141M
  1650K .......... .......... .......... .......... .......... 5.23M
  1700K .                                                      3.59T=0.4s

2024-09-18 11:09:36 (4.15 MB/s) - '/home/container/plugins/endcloud_sampvoice.so' saved [1742772]

File '/home/container/plugins/endcloud_sampvoice.so' already there; not retrieving.
File '/home/container/plugins/endcloud_sampvoice.so' already there; not retrieving.
File '/home/container/plugins/endcloud_sampvoice.so' already there; not retrieving.
File '/home/container/plugins/endcloud_sampvoice.so' already there; not retrieving.
File '/home/container/plugins/endcloud_sampvoice.so' already there; not retrieving.
File '/home/container/plugins/endcloud_sampvoice.so' already there; not retrieving.
File '/home/container/plugins/endcloud_sampvoice.so' already there; not retrieving.
File '/home/container/plugins/endcloud_sampvoice.so' already there; not retrieving.
File '/home/container/plugins/endcloud_sampvoice.so' already there; not retrieving.
File '/home/container/plugins/endcloud_sampvoice.so' already there; not retrieving.
File '/home/container/plugins/endcloud_sampvoice.so' already there; not retrieving.
File '/home/container/plugins/endcloud_sampvoice.so' already there; not retrieving.
File '/home/container/plugins/endcloud_sampvoice.so' already there; not retrieving.
File '/home/container/plugins/endcloud_sampvoice.so' already there; not retrieving.
File '/home/container/plugins/endcloud_sampvoice.so' already there; not retrieving.
--2024-09-18 13:39:57--  https://drive.endcloudhost.com/user_drive/sampvoice.so?file=e70ii73fj56uv7t8842gbc
Resolving drive.endcloudhost.com (drive.endcloudhost.com)... 172.232.124.96
Connecting to drive.endcloudhost.com (drive.endcloudhost.com)|172.232.124.96|:443... connected.
HTTP request sent, awaiting response... 200 OK
Length: unspecified
Saving to: '/home/container/plugins/endcloud_sampvoice.so'

     0K .......... .......... .......... .......... ..........  148M
    50K .......... .......... .......... .......... .......... 2.98M
   100K .......... .......... .......... .......... .......... 3.41M
   150K .......... .......... .......... .......... .......... 2.97M
   200K .......... .......... .......... .......... ..........  170M
   250K .......... .......... .......... .......... .......... 3.16M
   300K .......... .......... .......... .......... .......... 3.16M
   350K .......... .......... .......... .......... .......... 3.17M
   400K .......... .......... .......... .......... .......... 3.28M
   450K .......... .......... .......... .......... .......... 99.4M
   500K .......... .......... .......... .......... .......... 3.03M
   550K .......... .......... .......... .......... .......... 3.13M
   600K .......... .......... .......... .......... .......... 3.18M
   650K .......... .......... .......... .......... ..........  156M
   700K .......... .......... .......... .......... .......... 3.18M
   750K .......... .......... .......... .......... .......... 2.97M
   800K .......... .......... .......... .......... .......... 3.37M
   850K .......... .......... .......... .......... .......... 3.01M
   900K .......... .......... .......... .......... ..........  147M
   950K .......... .......... .......... .......... .......... 3.36M
  1000K .......... .......... .......... .......... .......... 3.18M
  1050K .......... .......... .......... .......... .......... 2.97M
  1100K .......... .......... .......... .......... ..........  102M
  1150K .......... .......... .......... .......... .......... 3.19M
  1200K .......... .......... .......... .......... .......... 3.17M
  1250K .......... .......... .......... .......... .......... 2.97M
  1300K .......... .......... .......... .......... .......... 3.40M
  1350K .......... .......... .......... .......... ..........  151M
  1400K .......... .......... .......... .......... .......... 2.98M
  1450K .......... .......... .......... .......... .......... 3.42M
  1500K .......... .......... .......... .......... .......... 2.97M
  1550K .......... .......... .......... .......... .......... 3.15M
  1600K .......... .......... .......... .......... ..........  106M
  1650K .......... .......... .......... .......... .......... 5.23M
  1700K .                                                      3.59T=0.4s

2024-09-18 13:39:58 (4.15 MB/s) - '/home/container/plugins/endcloud_sampvoice.so' saved [1742772]

File '/home/container/plugins/endcloud_sampvoice.so' already there; not retrieving.
File '/home/container/plugins/endcloud_sampvoice.so' already there; not retrieving.
File '/home/container/plugins/endcloud_sampvoice.so' already there; not retrieving.
File '/home/container/plugins/endcloud_sampvoice.so' already there; not retrieving.
File '/home/container/plugins/endcloud_sampvoice.so' already there; not retrieving.
File '/home/container/plugins/endcloud_sampvoice.so' already there; not retrieving.
File '/home/container/plugins/endcloud_sampvoice.so' already there; not retrieving.
File '/home/container/plugins/endcloud_sampvoice.so' already there; not retrieving.
File '/home/container/plugins/endcloud_sampvoice.so' already there; not retrieving.
File '/home/container/plugins/endcloud_sampvoice.so' already there; not retrieving.
File '/home/container/plugins/endcloud_sampvoice.so' already there; not retrieving.
File '/home/container/plugins/endcloud_sampvoice.so' already there; not retrieving.
File '/home/container/plugins/endcloud_sampvoice.so' already there; not retrieving.
File '/home/container/plugins/endcloud_sampvoice.so' already there; not retrieving.
File '/home/container/plugins/endcloud_sampvoice.so' already there; not retrieving.
File '/home/container/plugins/endcloud_sampvoice.so' already there; not retrieving.
File '/home/container/plugins/endcloud_sampvoice.so' already there; not retrieving.
File '/home/container/plugins/endcloud_sampvoice.so' already there; not retrieving.
File '/home/container/plugins/endcloud_sampvoice.so' already there; not retrieving.
File '/home/container/plugins/endcloud_sampvoice.so' already there; not retrieving.
File '/home/container/plugins/endcloud_sampvoice.so' already there; not retrieving.
File '/home/container/plugins/endcloud_sampvoice.so' already there; not retrieving.
File '/home/container/plugins/endcloud_sampvoice.so' already there; not retrieving.
File '/home/container/plugins/endcloud_sampvoice.so' already there; not retrieving.
File '/home/container/plugins/endcloud_sampvoice.so' already there; not retrieving.
File '/home/container/plugins/endcloud_sampvoice.so' already there; not retrieving.
File '/home/container/plugins/endcloud_sampvoice.so' already there; not retrieving.
File '/home/container/plugins/endcloud_sampvoice.so' already there; not retrieving.
File '/home/container/plugins/endcloud_sampvoice.so' already there; not retrieving.
File '/home/container/plugins/endcloud_sampvoice.so' already there; not retrieving.
File '/home/container/plugins/endcloud_sampvoice.so' already there; not retrieving.
File '/home/container/plugins/endcloud_sampvoice.so' already there; not retrieving.
File '/home/container/plugins/endcloud_sampvoice.so' already there; not retrieving.
File '/home/container/plugins/endcloud_sampvoice.so' already there; not retrieving.
File '/home/container/plugins/endcloud_sampvoice.so' already there; not retrieving.
File '/home/container/plugins/endcloud_sampvoice.so' already there; not retrieving.
File '/home/container/plugins/endcloud_sampvoice.so' already there; not retrieving.
File '/home/container/plugins/endcloud_sampvoice.so' already there; not retrieving.
File '/home/container/plugins/endcloud_sampvoice.so' already there; not retrieving.
File '/home/container/plugins/endcloud_sampvoice.so' already there; not retrieving.
File '/home/container/plugins/endcloud_sampvoice.so' already there; not retrieving.
File '/home/container/plugins/endcloud_sampvoice.so' already there; not retrieving.
File '/home/container/plugins/endcloud_sampvoice.so' already there; not retrieving.
File '/home/container/plugins/endcloud_sampvoice.so' already there; not retrieving.
File '/home/container/plugins/endcloud_sampvoice.so' already there; not retrieving.
File '/home/container/plugins/endcloud_sampvoice.so' already there; not retrieving.
File '/home/container/plugins/endcloud_sampvoice.so' already there; not retrieving.
File '/home/container/plugins/endcloud_sampvoice.so' already there; not retrieving.
File '/home/container/plugins/endcloud_sampvoice.so' already there; not retrieving.
File '/home/container/plugins/endcloud_sampvoice.so' already there; not retrieving.
File '/home/container/plugins/endcloud_sampvoice.so' already there; not retrieving.
File '/home/container/plugins/endcloud_sampvoice.so' already there; not retrieving.
File '/home/container/plugins/endcloud_sampvoice.so' already there; not retrieving.
File '/home/container/plugins/endcloud_sampvoice.so' already there; not retrieving.
File '/home/container/plugins/endcloud_sampvoice.so' already there; not retrieving.
File '/home/container/plugins/endcloud_sampvoice.so' already there; not retrieving.
File '/home/container/plugins/endcloud_sampvoice.so' already there; not retrieving.
File '/home/container/plugins/endcloud_sampvoice.so' already there; not retrieving.
File '/home/container/plugins/endcloud_sampvoice.so' already there; not retrieving.
File '/home/container/plugins/endcloud_sampvoice.so' already there; not retrieving.
File '/home/container/plugins/endcloud_sampvoice.so' already there; not retrieving.
File '/home/container/plugins/endcloud_sampvoice.so' already there; not retrieving.
File '/home/container/plugins/endcloud_sampvoice.so' already there; not retrieving.
File '/home/container/plugins/endcloud_sampvoice.so' already there; not retrieving.
File '/home/container/plugins/endcloud_sampvoice.so' already there; not retrieving.
File '/home/container/plugins/endcloud_sampvoice.so' already there; not retrieving.
File '/home/container/plugins/endcloud_sampvoice.so' already there; not retrieving.
File '/home/container/plugins/endcloud_sampvoice.so' already there; not retrieving.
File '/home/container/plugins/endcloud_sampvoice.so' already there; not retrieving.
File '/home/container/plugins/endcloud_sampvoice.so' already there; not retrieving.
File '/home/container/plugins/endcloud_sampvoice.so' already there; not retrieving.
File '/home/container/plugins/endcloud_sampvoice.so' already there; not retrieving.
File '/home/container/plugins/endcloud_sampvoice.so' already there; not retrieving.
File '/home/container/plugins/endcloud_sampvoice.so' already there; not retrieving.
File '/home/container/plugins/endcloud_sampvoice.so' already there; not retrieving.
File '/home/container/plugins/endcloud_sampvoice.so' already there; not retrieving.
File '/home/container/plugins/endcloud_sampvoice.so' already there; not retrieving.
File '/home/container/plugins/endcloud_sampvoice.so' already there; not retrieving.
File '/home/container/plugins/endcloud_sampvoice.so' already there; not retrieving.
File '/home/container/plugins/endcloud_sampvoice.so' already there; not retrieving.
File '/home/container/plugins/endcloud_sampvoice.so' already there; not retrieving.
File '/home/container/plugins/endcloud_sampvoice.so' already there; not retrieving.
File '/home/container/plugins/endcloud_sampvoice.so' already there; not retrieving.
File '/home/container/plugins/endcloud_sampvoice.so' already there; not retrieving.
File '/home/container/plugins/endcloud_sampvoice.so' already there; not retrieving.
File '/home/container/plugins/endcloud_sampvoice.so' already there; not retrieving.
File '/home/container/plugins/endcloud_sampvoice.so' already there; not retrieving.
File '/home/container/plugins/endcloud_sampvoice.so' already there; not retrieving.
File '/home/container/plugins/endcloud_sampvoice.so' already there; not retrieving.
File '/home/container/plugins/endcloud_sampvoice.so' already there; not retrieving.
File '/home/container/plugins/endcloud_sampvoice.so' already there; not retrieving.
File '/home/container/plugins/endcloud_sampvoice.so' already there; not retrieving.
File '/home/container/plugins/endcloud_sampvoice.so' already there; not retrieving.
File '/home/container/plugins/endcloud_sampvoice.so' already there; not retrieving.
File '/home/container/plugins/endcloud_sampvoice.so' already there; not retrieving.
File '/home/container/plugins/endcloud_sampvoice.so' already there; not retrieving.
File '/home/container/plugins/endcloud_sampvoice.so' already there; not retrieving.
File '/home/container/plugins/endcloud_sampvoice.so' already there; not retrieving.
File '/home/container/plugins/endcloud_sampvoice.so' already there; not retrieving.
File '/home/container/plugins/endcloud_sampvoice.so' already there; not retrieving.
File '/home/container/plugins/endcloud_sampvoice.so' already there; not retrieving.
File '/home/container/plugins/endcloud_sampvoice.so' already there; not retrieving.
File '/home/container/plugins/endcloud_sampvoice.so' already there; not retrieving.
File '/home/container/plugins/endcloud_sampvoice.so' already there; not retrieving.
File '/home/container/plugins/endcloud_sampvoice.so' already there; not retrieving.
File '/home/container/plugins/endcloud_sampvoice.so' already there; not retrieving.
File '/home/container/plugins/endcloud_sampvoice.so' already there; not retrieving.
File '/home/container/plugins/endcloud_sampvoice.so' already there; not retrieving.
File '/home/container/plugins/endcloud_sampvoice.so' already there; not retrieving.
File '/home/container/plugins/endcloud_sampvoice.so' already there; not retrieving.
File '/home/container/plugins/endcloud_sampvoice.so' already there; not retrieving.
File '/home/container/plugins/endcloud_sampvoice.so' already there; not retrieving.
File '/home/container/plugins/endcloud_sampvoice.so' already there; not retrieving.
File '/home/container/plugins/endcloud_sampvoice.so' already there; not retrieving.
File '/home/container/plugins/endcloud_sampvoice.so' already there; not retrieving.
File '/home/container/plugins/endcloud_sampvoice.so' already there; not retrieving.
File '/home/container/plugins/endcloud_sampvoice.so' already there; not retrieving.
File '/home/container/plugins/endcloud_sampvoice.so' already there; not retrieving.
File '/home/container/plugins/endcloud_sampvoice.so' already there; not retrieving.
File '/home/container/plugins/endcloud_sampvoice.so' already there; not retrieving.
File '/home/container/plugins/endcloud_sampvoice.so' already there; not retrieving.
File '/home/container/plugins/endcloud_sampvoice.so' already there; not retrieving.
File '/home/container/plugins/endcloud_sampvoice.so' already there; not retrieving.
File '/home/container/plugins/endcloud_sampvoice.so' already there; not retrieving.
File '/home/container/plugins/endcloud_sampvoice.so' already there; not retrieving.
File '/home/container/plugins/endcloud_sampvoice.so' already there; not retrieving.
File '/home/container/plugins/endcloud_sampvoice.so' already there; not retrieving.
File '/home/container/plugins/endcloud_sampvoice.so' already there; not retrieving.
File '/home/container/plugins/endcloud_sampvoice.so' already there; not retrieving.
File '/home/container/plugins/endcloud_sampvoice.so' already there; not retrieving.
File '/home/container/plugins/endcloud_sampvoice.so' already there; not retrieving.
File '/home/container/plugins/endcloud_sampvoice.so' already there; not retrieving.
File '/home/container/plugins/endcloud_sampvoice.so' already there; not retrieving.
File '/home/container/plugins/endcloud_sampvoice.so' already there; not retrieving.
File '/home/container/plugins/endcloud_sampvoice.so' already there; not retrieving.
File '/home/container/plugins/endcloud_sampvoice.so' already there; not retrieving.
File '/home/container/plugins/endcloud_sampvoice.so' already there; not retrieving.
File '/home/container/plugins/endcloud_sampvoice.so' already there; not retrieving.
File '/home/container/plugins/endcloud_sampvoice.so' already there; not retrieving.
File '/home/container/plugins/endcloud_sampvoice.so' already there; not retrieving.
File '/home/container/plugins/endcloud_sampvoice.so' already there; not retrieving.
File '/home/container/plugins/endcloud_sampvoice.so' already there; not retrieving.
File '/home/container/plugins/endcloud_sampvoice.so' already there; not retrieving.
File '/home/container/plugins/endcloud_sampvoice.so' already there; not retrieving.
File '/home/container/plugins/endcloud_sampvoice.so' already there; not retrieving.
File '/home/container/plugins/endcloud_sampvoice.so' already there; not retrieving.
File '/home/container/plugins/endcloud_sampvoice.so' already there; not retrieving.
File '/home/container/plugins/endcloud_sampvoice.so' already there; not retrieving.
File '/home/container/plugins/endcloud_sampvoice.so' already there; not retrieving.
File '/home/container/plugins/endcloud_sampvoice.so' already there; not retrieving.
File '/home/container/plugins/endcloud_sampvoice.so' already there; not retrieving.
File '/home/container/plugins/endcloud_sampvoice.so' already there; not retrieving.
File '/home/container/plugins/endcloud_sampvoice.so' already there; not retrieving.
File '/home/container/plugins/endcloud_sampvoice.so' already there; not retrieving.
File '/home/container/plugins/endcloud_sampvoice.so' already there; not retrieving.
File '/home/container/plugins/endcloud_sampvoice.so' already there; not retrieving.
File '/home/container/plugins/endcloud_sampvoice.so' already there; not retrieving.
File '/home/container/plugins/endcloud_sampvoice.so' already there; not retrieving.
File '/home/container/plugins/endcloud_sampvoice.so' already there; not retrieving.
File '/home/container/plugins/endcloud_sampvoice.so' already there; not retrieving.
File '/home/container/plugins/endcloud_sampvoice.so' already there; not retrieving.
File '/home/container/plugins/endcloud_sampvoice.so' already there; not retrieving.
File '/home/container/plugins/endcloud_sampvoice.so' already there; not retrieving.
File '/home/container/plugins/endcloud_sampvoice.so' already there; not retrieving.
File '/home/container/plugins/endcloud_sampvoice.so' already there; not retrieving.
File '/home/container/plugins/endcloud_sampvoice.so' already there; not retrieving.
File '/home/container/plugins/endcloud_sampvoice.so' already there; not retrieving.
File '/home/container/plugins/endcloud_sampvoice.so' already there; not retrieving.
File '/home/container/plugins/endcloud_sampvoice.so' already there; not retrieving.
File '/home/container/plugins/endcloud_sampvoice.so' already there; not retrieving.
File '/home/container/plugins/endcloud_sampvoice.so' already there; not retrieving.
File '/home/container/plugins/endcloud_sampvoice.so' already there; not retrieving.
File '/home/container/plugins/endcloud_sampvoice.so' already there; not retrieving.
File '/home/container/plugins/endcloud_sampvoice.so' already there; not retrieving.
File '/home/container/plugins/endcloud_sampvoice.so' already there; not retrieving.
File '/home/container/plugins/endcloud_sampvoice.so' already there; not retrieving.
File '/home/container/plugins/endcloud_sampvoice.so' already there; not retrieving.
File '/home/container/plugins/endcloud_sampvoice.so' already there; not retrieving.
File '/home/container/plugins/endcloud_sampvoice.so' already there; not retrieving.
File '/home/container/plugins/endcloud_sampvoice.so' already there; not retrieving.
File '/home/container/plugins/endcloud_sampvoice.so' already there; not retrieving.
File '/home/container/plugins/endcloud_sampvoice.so' already there; not retrieving.
File '/home/container/plugins/endcloud_sampvoice.so' already there; not retrieving.
File '/home/container/plugins/endcloud_sampvoice.so' already there; not retrieving.
File '/home/container/plugins/endcloud_sampvoice.so' already there; not retrieving.
File '/home/container/plugins/endcloud_sampvoice.so' already there; not retrieving.
File '/home/container/plugins/endcloud_sampvoice.so' already there; not retrieving.
File '/home/container/plugins/endcloud_sampvoice.so' already there; not retrieving.
File '/home/container/plugins/endcloud_sampvoice.so' already there; not retrieving.
File '/home/container/plugins/endcloud_sampvoice.so' already there; not retrieving.
File '/home/container/plugins/endcloud_sampvoice.so' already there; not retrieving.
File '/home/container/plugins/endcloud_sampvoice.so' already there; not retrieving.
File '/home/container/plugins/endcloud_sampvoice.so' already there; not retrieving.
File '/home/container/plugins/endcloud_sampvoice.so' already there; not retrieving.
File '/home/container/plugins/endcloud_sampvoice.so' already there; not retrieving.
File '/home/container/plugins/endcloud_sampvoice.so' already there; not retrieving.
File '/home/container/plugins/endcloud_sampvoice.so' already there; not retrieving.
File '/home/container/plugins/endcloud_sampvoice.so' already there; not retrieving.
File '/home/container/plugins/endcloud_sampvoice.so' already there; not retrieving.
File '/home/container/plugins/endcloud_sampvoice.so' already there; not retrieving.
File '/home/container/plugins/endcloud_sampvoice.so' already there; not retrieving.
File '/home/container/plugins/endcloud_sampvoice.so' already there; not retrieving.
File '/home/container/plugins/endcloud_sampvoice.so' already there; not retrieving.
File '/home/container/plugins/endcloud_sampvoice.so' already there; not retrieving.
File '/home/container/plugins/endcloud_sampvoice.so' already there; not retrieving.
File '/home/container/plugins/endcloud_sampvoice.so' already there; not retrieving.
File '/home/container/plugins/endcloud_sampvoice.so' already there; not retrieving.
File '/home/container/plugins/endcloud_sampvoice.so' already there; not retrieving.
File '/home/container/plugins/endcloud_sampvoice.so' already there; not retrieving.
File '/home/container/plugins/endcloud_sampvoice.so' already there; not retrieving.
File '/home/container/plugins/endcloud_sampvoice.so' already there; not retrieving.
File '/home/container/plugins/endcloud_sampvoice.so' already there; not retrieving.
File '/home/container/plugins/endcloud_sampvoice.so' already there; not retrieving.
File '/home/container/plugins/endcloud_sampvoice.so' already there; not retrieving.
File '/home/container/plugins/endcloud_sampvoice.so' already there; not retrieving.
File '/home/container/plugins/endcloud_sampvoice.so' already there; not retrieving.
File '/home/container/plugins/endcloud_sampvoice.so' already there; not retrieving.
File '/home/container/plugins/endcloud_sampvoice.so' already there; not retrieving.
File '/home/container/plugins/endcloud_sampvoice.so' already there; not retrieving.
File '/home/container/plugins/endcloud_sampvoice.so' already there; not retrieving.
File '/home/container/plugins/endcloud_sampvoice.so' already there; not retrieving.
File '/home/container/plugins/endcloud_sampvoice.so' already there; not retrieving.
File '/home/container/plugins/endcloud_sampvoice.so' already there; not retrieving.
--2024-09-21 18:49:42--  https://drive.endcloudhost.com/user_drive/endcloud-samp.amx?file=ejb88j8254u07qga4fd
Resolving drive.endcloudhost.com (drive.endcloudhost.com)... 172.232.124.96
Connecting to drive.endcloudhost.com (drive.endcloudhost.com)|172.232.124.96|:443... connected.
HTTP request sent, awaiting response... 200 OK
Length: unspecified
Saving to: '/home/container/filterscripts/endcloud-samp.amx'

     0K .......... .......... .......... .......... ..........  176M
    50K .......... .......... .......... .......... .......... 5.30M
   100K ...                                                    6.57T=0.009s

2024-09-21 18:49:42 (10.6 MB/s) - '/home/container/filterscripts/endcloud-samp.amx' saved [106010]

File '/home/container/plugins/endcloud_sampvoice.so' already there; not retrieving.
--2024-09-21 18:54:48--  https://drive.endcloudhost.com/user_drive/endcloud-samp.amx?file=ejb88j8254u07qga4fd
Resolving drive.endcloudhost.com (drive.endcloudhost.com)... 172.232.124.96
Connecting to drive.endcloudhost.com (drive.endcloudhost.com)|172.232.124.96|:443... connected.
HTTP request sent, awaiting response... 200 OK
Length: unspecified
Saving to: '/home/container/filterscripts/endcloud-samp.amx'

     0K .......... .......... .......... .......... ..........  192M
    50K .......... .......... .......... .......... .......... 5.24M
   100K ...                                                    6.57T=0.01s

2024-09-21 18:54:48 (10.6 MB/s) - '/home/container/filterscripts/endcloud-samp.amx' saved [106010]

File '/home/container/plugins/endcloud_sampvoice.so' already there; not retrieving.
--2024-09-21 19:06:35--  https://drive.endcloudhost.com/user_drive/endcloud-samp.amx?file=ejb88j8254u07qga4fd
Resolving drive.endcloudhost.com (drive.endcloudhost.com)... 172.232.124.96
Connecting to drive.endcloudhost.com (drive.endcloudhost.com)|172.232.124.96|:443... connected.
HTTP request sent, awaiting response... 200 OK
Length: unspecified
Saving to: '/home/container/filterscripts/endcloud-samp.amx'

     0K .......... .......... .......... .......... ..........  169M
    50K .......... .......... .......... .......... .......... 4.81M
   100K ...                                                    6.57T=0.01s

2024-09-21 19:06:35 (9.69 MB/s) - '/home/container/filterscripts/endcloud-samp.amx' saved [106010]

File '/home/container/plugins/endcloud_sampvoice.so' already there; not retrieving.
--2024-09-21 19:45:34--  https://drive.endcloudhost.com/user_drive/endcloud-samp.amx?file=ejb88j8254u07qga4fd
Resolving drive.endcloudhost.com (drive.endcloudhost.com)... 172.232.124.96
Connecting to drive.endcloudhost.com (drive.endcloudhost.com)|172.232.124.96|:443... connected.
HTTP request sent, awaiting response... 200 OK
Length: unspecified
Saving to: '/home/container/filterscripts/endcloud-samp.amx'

     0K .......... .......... .......... .......... ..........  150M
    50K .......... .......... .......... .......... .......... 5.28M
   100K ...                                                    6.57T=0.01s

2024-09-21 19:45:34 (10.6 MB/s) - '/home/container/filterscripts/endcloud-samp.amx' saved [106010]

File '/home/container/plugins/endcloud_sampvoice.so' already there; not retrieving.
--2024-09-21 19:51:47--  https://drive.endcloudhost.com/user_drive/endcloud-samp.amx?file=ejb88j8254u07qga4fd
Resolving drive.endcloudhost.com (drive.endcloudhost.com)... 172.232.124.96
Connecting to drive.endcloudhost.com (drive.endcloudhost.com)|172.232.124.96|:443... connected.
HTTP request sent, awaiting response... 200 OK
Length: unspecified
Saving to: '/home/container/filterscripts/endcloud-samp.amx'

     0K .......... .......... .......... .......... ..........  157M
    50K .......... .......... .......... .......... .......... 5.27M
   100K ...                                                    6.57T=0.01s

2024-09-21 19:51:47 (10.6 MB/s) - '/home/container/filterscripts/endcloud-samp.amx' saved [106010]

File '/home/container/plugins/endcloud_sampvoice.so' already there; not retrieving.
--2024-09-21 20:49:46--  https://drive.endcloudhost.com/user_drive/endcloud-samp.amx?file=ejb88j8254u07qga4fd
Resolving drive.endcloudhost.com (drive.endcloudhost.com)... 172.232.124.96
Connecting to drive.endcloudhost.com (drive.endcloudhost.com)|172.232.124.96|:443... connected.
HTTP request sent, awaiting response... 200 OK
Length: unspecified
Saving to: '/home/container/filterscripts/endcloud-samp.amx'

     0K .......... .......... .......... .......... ..........  157M
    50K .......... .......... .......... .......... .......... 5.15M
   100K ..                                                     5.45T=0.01s

2024-09-21 20:49:46 (10.3 MB/s) - '/home/container/filterscripts/endcloud-samp.amx' saved [105396]

File '/home/container/plugins/endcloud_sampvoice.so' already there; not retrieving.
--2024-09-21 20:51:14--  https://drive.endcloudhost.com/user_drive/endcloud-samp.amx?file=ejb88j8254u07qga4fd
Resolving drive.endcloudhost.com (drive.endcloudhost.com)... 172.232.124.96
Connecting to drive.endcloudhost.com (drive.endcloudhost.com)|172.232.124.96|:443... connected.
HTTP request sent, awaiting response... 200 OK
Length: unspecified
Saving to: '/home/container/filterscripts/endcloud-samp.amx'

     0K .......... .......... .......... .......... ..........  142M
    50K .......... .......... .......... .......... .......... 3.17M
   100K ..                                                     5.45T=0.02s

2024-09-21 20:51:14 (6.38 MB/s) - '/home/container/filterscripts/endcloud-samp.amx' saved [105396]

