[09/18/24 12:04:51] [plugins/discord-connector] Unknown gateway event 'VOICE_CHANNEL_STATUS_UPDATE'
[09/18/24 12:07:03] [plugins/discord-connector] Unknown gateway event 'VOICE_CHANNEL_STATUS_UPDATE'
[09/18/24 12:12:15] [plugins/discord-connector] Unknown gateway event 'VOICE_CHANNEL_STATUS_UPDATE'
[09/18/24 12:25:21] [plugins/discord-connector] Unknown gateway event 'VOICE_CHANNEL_STATUS_UPDATE'
[09/18/24 12:25:46] [plugins/discord-connector] Unknown gateway event 'VOICE_CHANNEL_STATUS_UPDATE'
[09/18/24 12:55:51] [plugins/discord-connector] Unknown gateway event 'VOICE_CHANNEL_STATUS_UPDATE'
[09/18/24 12:56:39] [plugins/discord-connector] Unknown gateway event 'VOICE_CHANNEL_STATUS_UPDATE'
[09/18/24 13:01:26] [plugins/discord-connector] Unknown gateway event 'VOICE_CHANNEL_STATUS_UPDATE'
[09/18/24 13:03:31] [plugins/discord-connector] Unknown gateway event 'VOICE_CHANNEL_STATUS_UPDATE'
[09/18/24 13:03:38] [plugins/discord-connector] Unknown gateway event 'VOICE_CHANNEL_STATUS_UPDATE'
[09/18/24 13:03:57] [plugins/discord-connector] Unknown gateway event 'VOICE_CHANNEL_STATUS_UPDATE'
[09/18/24 13:10:23] [plugins/discord-connector] Unknown gateway event 'VOICE_CHANNEL_STATUS_UPDATE'
[09/18/24 13:54:19] [plugins/discord-connector] Unknown gateway event 'VOICE_CHANNEL_STATUS_UPDATE'
[09/18/24 13:56:55] [plugins/discord-connector] Unknown gateway event 'VOICE_CHANNEL_STATUS_UPDATE'
[09/18/24 14:03:56] [plugins/discord-connector] Unknown gateway event 'VOICE_CHANNEL_STATUS_UPDATE'
[09/18/24 14:32:27] [plugins/discord-connector] Unknown gateway event 'VOICE_CHANNEL_STATUS_UPDATE'
[09/18/24 14:32:40] [plugins/discord-connector] Unknown gateway event 'VOICE_CHANNEL_STATUS_UPDATE'
[09/18/24 14:33:18] [plugins/discord-connector] Unknown gateway event 'VOICE_CHANNEL_STATUS_UPDATE'
[09/18/24 14:35:15] [plugins/discord-connector] Unknown gateway event 'VOICE_CHANNEL_STATUS_UPDATE'
[09/18/24 14:39:25] [plugins/discord-connector] Unknown gateway event 'VOICE_CHANNEL_STATUS_UPDATE'
[09/18/24 14:39:54] [plugins/discord-connector] Unknown gateway event 'VOICE_CHANNEL_STATUS_UPDATE'
[09/18/24 14:41:03] [plugins/discord-connector] Unknown gateway event 'VOICE_CHANNEL_STATUS_UPDATE'
[09/18/24 14:42:24] [plugins/discord-connector] Unknown gateway event 'VOICE_CHANNEL_STATUS_UPDATE'
[09/18/24 14:47:36] [plugins/discord-connector] Unknown gateway event 'VOICE_CHANNEL_STATUS_UPDATE'
[09/18/24 14:47:53] [plugins/discord-connector] Unknown gateway event 'VOICE_CHANNEL_STATUS_UPDATE'
[09/18/24 14:50:46] [plugins/discord-connector] Unknown gateway event 'VOICE_CHANNEL_STATUS_UPDATE'
[09/18/24 14:54:20] [plugins/discord-connector] Unknown gateway event 'VOICE_CHANNEL_STATUS_UPDATE'
[09/18/24 14:55:15] [plugins/discord-connector] Unknown gateway event 'VOICE_CHANNEL_STATUS_UPDATE'
[09/18/24 14:55:24] [plugins/discord-connector] Unknown gateway event 'VOICE_CHANNEL_STATUS_UPDATE'
[09/18/24 14:59:30] [plugins/discord-connector] Unknown gateway event 'VOICE_CHANNEL_STATUS_UPDATE'
[09/18/24 15:06:52] [plugins/discord-connector] Unknown gateway event 'VOICE_CHANNEL_STATUS_UPDATE'
[09/18/24 15:57:09] [plugins/discord-connector] Unknown gateway event 'VOICE_CHANNEL_STATUS_UPDATE'
[09/18/24 16:20:55] [plugins/discord-connector] Unknown gateway event 'VOICE_CHANNEL_STATUS_UPDATE'
[09/18/24 16:23:56] [plugins/discord-connector] Unknown gateway event 'VOICE_CHANNEL_STATUS_UPDATE'
[09/18/24 17:38:40] [plugins/discord-connector] Unknown gateway event 'VOICE_CHANNEL_STATUS_UPDATE'
[09/18/24 18:03:37] [plugins/discord-connector] Unknown gateway event 'VOICE_CHANNEL_STATUS_UPDATE'
[09/18/24 18:07:36] [plugins/discord-connector] Unknown gateway event 'VOICE_CHANNEL_STATUS_UPDATE'
[09/18/24 18:07:37] [plugins/discord-connector] Unknown gateway event 'VOICE_CHANNEL_STATUS_UPDATE'
[09/18/24 18:10:12] [plugins/discord-connector] Unknown gateway event 'VOICE_CHANNEL_STATUS_UPDATE'
[09/18/24 18:11:17] [plugins/discord-connector] Unknown gateway event 'VOICE_CHANNEL_STATUS_UPDATE'
[09/18/24 18:12:41] [plugins/discord-connector] Unknown gateway event 'VOICE_CHANNEL_STATUS_UPDATE'
[09/18/24 18:12:58] [plugins/discord-connector] Unknown gateway event 'VOICE_CHANNEL_STATUS_UPDATE'
[09/18/24 18:15:24] [plugins/discord-connector] Unknown gateway event 'VOICE_CHANNEL_STATUS_UPDATE'
[09/18/24 19:01:53] [plugins/discord-connector] Unknown gateway event 'VOICE_CHANNEL_STATUS_UPDATE'
[09/18/24 19:02:03] [plugins/discord-connector] Unknown gateway event 'VOICE_CHANNEL_STATUS_UPDATE'
[09/18/24 19:03:09] [plugins/discord-connector] Unknown gateway event 'VOICE_CHANNEL_STATUS_UPDATE'
[09/18/24 19:09:44] [plugins/discord-connector] Unknown gateway event 'VOICE_CHANNEL_STATUS_UPDATE'
[09/18/24 19:10:09] [plugins/discord-connector] Unknown gateway event 'VOICE_CHANNEL_STATUS_UPDATE'
[09/18/24 19:11:55] [plugins/discord-connector] Unknown gateway event 'VOICE_CHANNEL_STATUS_UPDATE'
[09/18/24 19:18:42] [plugins/discord-connector] Unknown gateway event 'VOICE_CHANNEL_STATUS_UPDATE'
[09/18/24 19:22:37] [plugins/discord-connector] Unknown gateway event 'VOICE_CHANNEL_STATUS_UPDATE'
[09/18/24 19:26:39] [plugins/discord-connector] Unknown gateway event 'VOICE_CHANNEL_STATUS_UPDATE'
[09/18/24 20:08:21] [plugins/discord-connector] Unknown gateway event 'VOICE_CHANNEL_STATUS_UPDATE'
[09/18/24 20:27:57] [plugins/discord-connector] Unknown gateway event 'VOICE_CHANNEL_STATUS_UPDATE'
[09/18/24 20:29:42] [plugins/discord-connector] Unknown gateway event 'VOICE_CHANNEL_STATUS_UPDATE'
[09/18/24 20:39:10] [plugins/discord-connector] Unknown gateway event 'VOICE_CHANNEL_STATUS_UPDATE'
[09/18/24 21:08:04] [plugins/discord-connector] Unknown gateway event 'VOICE_CHANNEL_STATUS_UPDATE'
[09/18/24 21:17:49] [plugins/discord-connector] Unknown gateway event 'VOICE_CHANNEL_STATUS_UPDATE'
[09/18/24 21:22:54] [plugins/discord-connector] Unknown gateway event 'VOICE_CHANNEL_STATUS_UPDATE'
[09/18/24 21:23:03] [plugins/discord-connector] Unknown gateway event 'VOICE_CHANNEL_STATUS_UPDATE'
[09/18/24 21:38:07] [plugins/discord-connector] Unknown gateway event 'VOICE_CHANNEL_STATUS_UPDATE'
[09/18/24 21:39:44] [plugins/discord-connector] Unknown gateway event 'VOICE_CHANNEL_STATUS_UPDATE'
[09/18/24 21:40:34] [plugins/discord-connector] Unknown gateway event 'VOICE_CHANNEL_STATUS_UPDATE'
[09/18/24 22:32:58] [plugins/discord-connector] Unknown gateway event 'VOICE_CHANNEL_STATUS_UPDATE'
[09/18/24 23:12:04] [plugins/discord-connector] Unknown gateway event 'VOICE_CHANNEL_STATUS_UPDATE'
[09/18/24 23:12:26] [plugins/discord-connector] Unknown gateway event 'VOICE_CHANNEL_STATUS_UPDATE'
[09/18/24 23:18:51] [plugins/discord-connector] Unknown gateway event 'VOICE_CHANNEL_STATUS_UPDATE'
[09/18/24 23:53:12] [plugins/discord-connector] Unknown gateway event 'VOICE_CHANNEL_STATUS_UPDATE'
[09/18/24 23:56:44] [plugins/discord-connector] Unknown gateway event 'VOICE_CHANNEL_STATUS_UPDATE'
[09/18/24 23:58:21] [plugins/discord-connector] Unknown gateway event 'VOICE_CHANNEL_STATUS_UPDATE'
[09/19/24 00:05:05] [plugins/discord-connector] Unknown gateway event 'VOICE_CHANNEL_STATUS_UPDATE'
[09/19/24 00:11:22] [plugins/discord-connector] Unknown gateway event 'VOICE_CHANNEL_STATUS_UPDATE'
[09/19/24 01:18:14] [plugins/discord-connector] Unhandled payload opcode '1'
[09/19/24 09:34:29] [plugins/discord-connector] Unknown gateway event 'VOICE_CHANNEL_STATUS_UPDATE'
[09/19/24 09:37:33] [plugins/discord-connector] Unknown gateway event 'VOICE_CHANNEL_STATUS_UPDATE'
[09/19/24 09:38:44] [plugins/discord-connector] Unknown gateway event 'VOICE_CHANNEL_STATUS_UPDATE'
[09/19/24 10:19:05] [plugins/discord-connector] Unknown gateway event 'VOICE_CHANNEL_STATUS_UPDATE'
[09/19/24 10:51:23] [plugins/discord-connector] Unknown gateway event 'VOICE_CHANNEL_STATUS_UPDATE'
[09/19/24 11:20:42] [plugins/discord-connector] Unknown gateway event 'VOICE_CHANNEL_STATUS_UPDATE'
[09/19/24 11:33:06] [plugins/discord-connector] Unknown gateway event 'VOICE_CHANNEL_STATUS_UPDATE'
[09/19/24 11:38:35] [plugins/discord-connector] Unknown gateway event 'VOICE_CHANNEL_STATUS_UPDATE'
[09/19/24 11:42:45] [plugins/discord-connector] Unknown gateway event 'VOICE_CHANNEL_STATUS_UPDATE'
[09/19/24 12:05:31] [plugins/discord-connector] Unknown gateway event 'VOICE_CHANNEL_STATUS_UPDATE'
[09/19/24 12:07:13] [plugins/discord-connector] Unknown gateway event 'VOICE_CHANNEL_STATUS_UPDATE'
[09/19/24 12:18:45] [plugins/discord-connector] Unknown gateway event 'VOICE_CHANNEL_STATUS_UPDATE'
[09/19/24 12:19:26] [plugins/discord-connector] Unknown gateway event 'VOICE_CHANNEL_STATUS_UPDATE'
[09/19/24 12:24:51] [plugins/discord-connector] Unknown gateway event 'VOICE_CHANNEL_STATUS_UPDATE'
[09/19/24 12:29:31] [plugins/discord-connector] Unknown gateway event 'VOICE_CHANNEL_STATUS_UPDATE'
[09/19/24 12:32:52] [plugins/discord-connector] Unknown gateway event 'VOICE_CHANNEL_STATUS_UPDATE'
[09/19/24 12:34:07] [plugins/discord-connector] Unknown gateway event 'VOICE_CHANNEL_STATUS_UPDATE'
[09/19/24 12:34:54] [plugins/discord-connector] Unknown gateway event 'VOICE_CHANNEL_STATUS_UPDATE'
[09/19/24 12:35:10] [plugins/discord-connector] Unknown gateway event 'VOICE_CHANNEL_STATUS_UPDATE'
[09/19/24 12:35:20] [plugins/discord-connector] Unknown gateway event 'VOICE_CHANNEL_STATUS_UPDATE'
[09/19/24 12:40:03] [plugins/discord-connector] Unknown gateway event 'VOICE_CHANNEL_STATUS_UPDATE'
[09/19/24 12:41:19] [plugins/discord-connector] Unknown gateway event 'VOICE_CHANNEL_STATUS_UPDATE'
[09/19/24 12:47:23] [plugins/discord-connector] Unknown gateway event 'VOICE_CHANNEL_STATUS_UPDATE'
[09/19/24 12:47:57] [plugins/discord-connector] Unknown gateway event 'VOICE_CHANNEL_STATUS_UPDATE'
[09/19/24 12:52:31] [plugins/discord-connector] Unknown gateway event 'VOICE_CHANNEL_STATUS_UPDATE'
[09/19/24 13:01:13] [plugins/discord-connector] Unknown gateway event 'VOICE_CHANNEL_STATUS_UPDATE'
[09/19/24 13:02:40] [plugins/discord-connector] Unknown gateway event 'VOICE_CHANNEL_STATUS_UPDATE'
[09/19/24 13:03:10] [plugins/discord-connector] Unknown gateway event 'VOICE_CHANNEL_STATUS_UPDATE'
[09/19/24 13:05:02] [plugins/discord-connector] Unknown gateway event 'VOICE_CHANNEL_STATUS_UPDATE'
[09/19/24 13:05:25] [plugins/discord-connector] Unknown gateway event 'VOICE_CHANNEL_STATUS_UPDATE'
[09/19/24 13:06:37] [plugins/discord-connector] Unknown gateway event 'VOICE_CHANNEL_STATUS_UPDATE'
[09/19/24 13:09:07] [plugins/discord-connector] Unknown gateway event 'VOICE_CHANNEL_STATUS_UPDATE'
[09/19/24 13:11:52] [plugins/discord-connector] Unknown gateway event 'VOICE_CHANNEL_STATUS_UPDATE'
[09/19/24 13:14:25] [plugins/discord-connector] Unknown gateway event 'VOICE_CHANNEL_STATUS_UPDATE'
[09/19/24 13:15:33] [plugins/discord-connector] Unknown gateway event 'VOICE_CHANNEL_STATUS_UPDATE'
[09/19/24 13:16:28] [plugins/discord-connector] Unknown gateway event 'VOICE_CHANNEL_STATUS_UPDATE'
[09/19/24 13:17:27] [plugins/discord-connector] Unknown gateway event 'VOICE_CHANNEL_STATUS_UPDATE'
[09/19/24 13:17:59] [plugins/discord-connector] Unknown gateway event 'VOICE_CHANNEL_STATUS_UPDATE'
[09/19/24 13:20:51] [plugins/discord-connector] Unknown gateway event 'VOICE_CHANNEL_STATUS_UPDATE'
[09/19/24 13:23:20] [plugins/discord-connector] Unknown gateway event 'VOICE_CHANNEL_STATUS_UPDATE'
[09/19/24 13:31:21] [plugins/discord-connector] Unknown gateway event 'VOICE_CHANNEL_STATUS_UPDATE'
[09/19/24 13:52:06] [plugins/discord-connector] Unknown gateway event 'VOICE_CHANNEL_STATUS_UPDATE'
[09/19/24 13:53:45] [plugins/discord-connector] Unknown gateway event 'VOICE_CHANNEL_STATUS_UPDATE'
[09/19/24 13:57:34] [plugins/discord-connector] Unknown gateway event 'VOICE_CHANNEL_STATUS_UPDATE'
[09/19/24 13:59:25] [plugins/discord-connector] Unknown gateway event 'VOICE_CHANNEL_STATUS_UPDATE'
[09/19/24 14:08:04] [plugins/discord-connector] Unknown gateway event 'VOICE_CHANNEL_STATUS_UPDATE'
[09/19/24 16:14:15] [plugins/discord-connector] Unknown gateway event 'VOICE_CHANNEL_STATUS_UPDATE'
[09/19/24 16:14:59] [plugins/discord-connector] Unknown gateway event 'VOICE_CHANNEL_STATUS_UPDATE'
[09/19/24 17:07:11] [plugins/discord-connector] Unknown gateway event 'VOICE_CHANNEL_STATUS_UPDATE'
[09/19/24 17:07:59] [plugins/discord-connector] Unknown gateway event 'VOICE_CHANNEL_STATUS_UPDATE'
[09/19/24 17:51:32] [plugins/discord-connector] Unknown gateway event 'VOICE_CHANNEL_STATUS_UPDATE'
[09/19/24 17:53:46] [plugins/discord-connector] Unknown gateway event 'VOICE_CHANNEL_STATUS_UPDATE'
[09/19/24 17:56:52] [plugins/discord-connector] Unknown gateway event 'VOICE_CHANNEL_STATUS_UPDATE'
[09/19/24 17:57:22] [plugins/discord-connector] Unknown gateway event 'VOICE_CHANNEL_STATUS_UPDATE'
[09/19/24 18:31:20] [plugins/discord-connector] Unknown gateway event 'VOICE_CHANNEL_STATUS_UPDATE'
[09/19/24 18:36:08] [plugins/discord-connector] Unknown gateway event 'VOICE_CHANNEL_STATUS_UPDATE'
[09/19/24 18:38:44] [plugins/discord-connector] Unknown gateway event 'VOICE_CHANNEL_STATUS_UPDATE'
[09/19/24 19:23:56] [plugins/discord-connector] Unknown gateway event 'VOICE_CHANNEL_STATUS_UPDATE'
[09/19/24 19:26:52] [plugins/discord-connector] Unknown gateway event 'VOICE_CHANNEL_STATUS_UPDATE'
[09/19/24 19:38:45] [plugins/discord-connector] Unknown gateway event 'VOICE_CHANNEL_STATUS_UPDATE'
[09/19/24 19:41:32] [plugins/discord-connector] Unknown gateway event 'VOICE_CHANNEL_STATUS_UPDATE'
[09/19/24 19:42:15] [plugins/discord-connector] Unknown gateway event 'VOICE_CHANNEL_STATUS_UPDATE'
[09/19/24 19:42:27] [plugins/discord-connector] Unknown gateway event 'VOICE_CHANNEL_STATUS_UPDATE'
[09/19/24 19:42:49] [plugins/discord-connector] Unknown gateway event 'VOICE_CHANNEL_STATUS_UPDATE'
[09/19/24 19:45:10] [plugins/discord-connector] Unknown gateway event 'VOICE_CHANNEL_STATUS_UPDATE'
[09/19/24 19:47:09] [plugins/discord-connector] Unknown gateway event 'VOICE_CHANNEL_STATUS_UPDATE'
[09/19/24 20:03:22] [plugins/discord-connector] Unknown gateway event 'VOICE_CHANNEL_STATUS_UPDATE'
[09/19/24 20:19:34] [plugins/discord-connector] Unknown gateway event 'VOICE_CHANNEL_STATUS_UPDATE'
[09/19/24 20:20:18] [plugins/discord-connector] Unknown gateway event 'VOICE_CHANNEL_STATUS_UPDATE'
[09/19/24 20:24:07] [plugins/discord-connector] Unknown gateway event 'VOICE_CHANNEL_STATUS_UPDATE'
[09/19/24 20:33:14] [plugins/discord-connector] Unknown gateway event 'VOICE_CHANNEL_STATUS_UPDATE'
[09/19/24 20:36:36] [plugins/discord-connector] Unknown gateway event 'VOICE_CHANNEL_STATUS_UPDATE'
[09/19/24 21:10:51] [plugins/discord-connector] Unknown gateway event 'VOICE_CHANNEL_STATUS_UPDATE'
[09/19/24 21:12:44] [plugins/discord-connector] Unknown gateway event 'VOICE_CHANNEL_STATUS_UPDATE'
[09/19/24 21:16:25] [plugins/discord-connector] Unknown gateway event 'VOICE_CHANNEL_STATUS_UPDATE'
[09/19/24 21:17:45] [plugins/discord-connector] Unknown gateway event 'VOICE_CHANNEL_STATUS_UPDATE'
[09/19/24 21:40:17] [plugins/discord-connector] Unknown gateway event 'VOICE_CHANNEL_STATUS_UPDATE'
[09/19/24 21:43:44] [plugins/discord-connector] Unknown gateway event 'VOICE_CHANNEL_STATUS_UPDATE'
[09/19/24 21:47:16] [plugins/discord-connector] Unknown gateway event 'VOICE_CHANNEL_STATUS_UPDATE'
[09/19/24 21:47:34] [plugins/discord-connector] Unknown gateway event 'VOICE_CHANNEL_STATUS_UPDATE'
[09/19/24 21:49:01] [plugins/discord-connector] Unknown gateway event 'VOICE_CHANNEL_STATUS_UPDATE'
[09/19/24 21:49:08] [plugins/discord-connector] Unknown gateway event 'VOICE_CHANNEL_STATUS_UPDATE'
[09/19/24 21:49:28] [plugins/discord-connector] Unknown gateway event 'VOICE_CHANNEL_STATUS_UPDATE'
[09/19/24 21:53:42] [plugins/discord-connector] Unknown gateway event 'VOICE_CHANNEL_STATUS_UPDATE'
[09/19/24 21:54:16] [plugins/discord-connector] Unknown gateway event 'VOICE_CHANNEL_STATUS_UPDATE'
[09/19/24 21:55:00] [plugins/discord-connector] Unknown gateway event 'VOICE_CHANNEL_STATUS_UPDATE'
[09/19/24 21:55:46] [plugins/discord-connector] Unknown gateway event 'VOICE_CHANNEL_STATUS_UPDATE'
[09/19/24 22:01:29] [plugins/discord-connector] Unknown gateway event 'VOICE_CHANNEL_STATUS_UPDATE'
[09/19/24 22:01:33] [plugins/discord-connector] Unknown gateway event 'VOICE_CHANNEL_STATUS_UPDATE'
[09/19/24 22:03:53] [plugins/discord-connector] Unknown gateway event 'VOICE_CHANNEL_STATUS_UPDATE'
[09/19/24 22:11:54] [plugins/discord-connector] Unknown gateway event 'VOICE_CHANNEL_STATUS_UPDATE'
[09/19/24 22:18:31] [plugins/discord-connector] Unknown gateway event 'VOICE_CHANNEL_STATUS_UPDATE'
[09/19/24 22:24:40] [plugins/discord-connector] Unknown gateway event 'VOICE_CHANNEL_STATUS_UPDATE'
[09/19/24 22:26:23] [plugins/discord-connector] Unknown gateway event 'VOICE_CHANNEL_STATUS_UPDATE'
[09/19/24 22:26:29] [plugins/discord-connector] Unknown gateway event 'VOICE_CHANNEL_STATUS_UPDATE'
[09/19/24 22:34:15] [plugins/discord-connector] Unknown gateway event 'VOICE_CHANNEL_STATUS_UPDATE'
[09/19/24 22:35:39] [plugins/discord-connector] Unknown gateway event 'VOICE_CHANNEL_STATUS_UPDATE'
[09/19/24 22:36:02] [plugins/discord-connector] Unknown gateway event 'VOICE_CHANNEL_STATUS_UPDATE'
[09/19/24 22:41:59] [plugins/discord-connector] Unknown gateway event 'VOICE_CHANNEL_STATUS_UPDATE'
[09/19/24 22:43:31] [plugins/discord-connector] Unknown gateway event 'VOICE_CHANNEL_STATUS_UPDATE'
[09/19/24 22:44:00] [plugins/discord-connector] Unknown gateway event 'VOICE_CHANNEL_STATUS_UPDATE'
[09/19/24 22:45:26] [plugins/discord-connector] Unknown gateway event 'VOICE_CHANNEL_STATUS_UPDATE'
[09/19/24 23:02:00] [plugins/discord-connector] Unknown gateway event 'VOICE_CHANNEL_STATUS_UPDATE'
[09/19/24 23:02:40] [plugins/discord-connector] Unknown gateway event 'VOICE_CHANNEL_STATUS_UPDATE'
[09/19/24 23:02:56] [plugins/discord-connector] Unknown gateway event 'VOICE_CHANNEL_STATUS_UPDATE'
[09/19/24 23:08:56] [plugins/discord-connector] Unknown gateway event 'VOICE_CHANNEL_STATUS_UPDATE'
[09/19/24 23:13:53] [plugins/discord-connector] Unknown gateway event 'VOICE_CHANNEL_STATUS_UPDATE'
[09/19/24 23:15:38] [plugins/discord-connector] Unknown gateway event 'VOICE_CHANNEL_STATUS_UPDATE'
[09/19/24 23:22:21] [plugins/discord-connector] Unknown gateway event 'VOICE_CHANNEL_STATUS_UPDATE'
[09/19/24 23:59:48] [plugins/discord-connector] Unknown gateway event 'VOICE_CHANNEL_STATUS_UPDATE'
[09/20/24 00:02:29] [plugins/discord-connector] Unknown gateway event 'VOICE_CHANNEL_STATUS_UPDATE'
[09/20/24 00:03:11] [plugins/discord-connector] Unknown gateway event 'VOICE_CHANNEL_STATUS_UPDATE'
[09/20/24 00:16:21] [plugins/discord-connector] Unknown gateway event 'VOICE_CHANNEL_STATUS_UPDATE'
[09/20/24 00:56:10] [plugins/discord-connector] Unknown gateway event 'VOICE_CHANNEL_STATUS_UPDATE'
[09/20/24 01:23:18] [plugins/discord-connector] Unknown gateway event 'VOICE_CHANNEL_STATUS_UPDATE'
[09/20/24 01:32:09] [plugins/discord-connector] Unknown gateway event 'VOICE_CHANNEL_STATUS_UPDATE'
[09/20/24 01:39:52] [plugins/discord-connector] Unknown gateway event 'VOICE_CHANNEL_STATUS_UPDATE'
[09/20/24 01:45:10] [plugins/discord-connector] Unhandled payload opcode '1'
[09/20/24 01:45:26] [plugins/discord-connector] Unknown gateway event 'VOICE_CHANNEL_STATUS_UPDATE'
[09/20/24 01:46:41] [plugins/discord-connector] Unknown gateway event 'VOICE_CHANNEL_STATUS_UPDATE'
[09/20/24 01:48:44] [plugins/discord-connector] Unknown gateway event 'VOICE_CHANNEL_STATUS_UPDATE'
[09/20/24 02:04:27] [plugins/discord-connector] Unknown gateway event 'VOICE_CHANNEL_STATUS_UPDATE'
[09/20/24 02:07:00] [plugins/discord-connector] Unknown gateway event 'VOICE_CHANNEL_STATUS_UPDATE'
[09/20/24 02:07:08] [plugins/discord-connector] Unknown gateway event 'VOICE_CHANNEL_STATUS_UPDATE'
[09/20/24 02:08:09] [plugins/discord-connector] Unknown gateway event 'VOICE_CHANNEL_STATUS_UPDATE'
[09/20/24 02:14:06] [plugins/discord-connector] Unknown gateway event 'VOICE_CHANNEL_STATUS_UPDATE'
[09/20/24 03:21:35] [plugins/discord-connector] Unknown gateway event 'VOICE_CHANNEL_STATUS_UPDATE'
[09/20/24 03:42:07] [plugins/discord-connector] Unknown gateway event 'VOICE_CHANNEL_STATUS_UPDATE'
[09/20/24 03:42:16] [plugins/discord-connector] Unknown gateway event 'VOICE_CHANNEL_STATUS_UPDATE'
[09/20/24 03:45:57] [plugins/discord-connector] Unknown gateway event 'VOICE_CHANNEL_STATUS_UPDATE'
[09/20/24 08:38:43] [plugins/discord-connector] Unknown gateway event 'VOICE_CHANNEL_STATUS_UPDATE'
[09/20/24 10:04:50] [plugins/discord-connector] Unknown gateway event 'INTEGRATION_DELETE'
[09/20/24 10:06:25] [plugins/discord-connector] Unknown gateway event 'VOICE_CHANNEL_STATUS_UPDATE'
[09/20/24 10:15:27] [plugins/discord-connector] Unknown gateway event 'VOICE_CHANNEL_STATUS_UPDATE'
[09/20/24 10:25:47] [plugins/discord-connector] Unknown gateway event 'VOICE_CHANNEL_STATUS_UPDATE'
[09/20/24 10:48:40] [plugins/discord-connector] Unknown gateway event 'INTEGRATION_CREATE'
[09/20/24 11:42:54] [plugins/discord-connector] Unknown gateway event 'VOICE_CHANNEL_STATUS_UPDATE'
[09/20/24 12:15:39] [plugins/discord-connector] Unknown gateway event 'VOICE_CHANNEL_STATUS_UPDATE'
[09/20/24 12:48:11] [plugins/discord-connector] Unknown gateway event 'VOICE_CHANNEL_STATUS_UPDATE'
[09/20/24 13:16:35] [plugins/discord-connector] Unknown gateway event 'VOICE_CHANNEL_STATUS_UPDATE'
[09/20/24 13:27:06] [plugins/discord-connector] Unknown gateway event 'VOICE_CHANNEL_STATUS_UPDATE'
[09/20/24 13:30:17] [plugins/discord-connector] Unknown gateway event 'VOICE_CHANNEL_STATUS_UPDATE'
[09/20/24 13:31:42] [plugins/discord-connector] Unknown gateway event 'VOICE_CHANNEL_STATUS_UPDATE'
[09/20/24 13:36:09] [plugins/discord-connector] Unknown gateway event 'VOICE_CHANNEL_STATUS_UPDATE'
[09/20/24 13:45:03] [plugins/discord-connector] Unknown gateway event 'VOICE_CHANNEL_STATUS_UPDATE'
[09/20/24 13:52:37] [plugins/discord-connector] Unknown gateway event 'VOICE_CHANNEL_STATUS_UPDATE'
[09/20/24 14:03:03] [plugins/discord-connector] Unknown gateway event 'VOICE_CHANNEL_STATUS_UPDATE'
[09/20/24 14:03:28] [plugins/discord-connector] Unknown gateway event 'VOICE_CHANNEL_STATUS_UPDATE'
[09/20/24 14:05:37] [plugins/discord-connector] Unknown gateway event 'VOICE_CHANNEL_STATUS_UPDATE'
[09/20/24 14:07:55] [plugins/discord-connector] Unknown gateway event 'VOICE_CHANNEL_STATUS_UPDATE'
[09/20/24 14:13:28] [plugins/discord-connector] Unknown gateway event 'VOICE_CHANNEL_STATUS_UPDATE'
[09/20/24 14:25:14] [plugins/discord-connector] Unknown gateway event 'VOICE_CHANNEL_STATUS_UPDATE'
[09/20/24 14:29:00] [plugins/discord-connector] Unknown gateway event 'VOICE_CHANNEL_STATUS_UPDATE'
[09/20/24 14:30:05] [plugins/discord-connector] Unknown gateway event 'VOICE_CHANNEL_STATUS_UPDATE'
[09/20/24 14:30:41] [plugins/discord-connector] Unknown gateway event 'VOICE_CHANNEL_STATUS_UPDATE'
[09/20/24 14:31:39] [plugins/discord-connector] Unknown gateway event 'VOICE_CHANNEL_STATUS_UPDATE'
[09/20/24 14:33:53] [plugins/discord-connector] Unknown gateway event 'VOICE_CHANNEL_STATUS_UPDATE'
[09/20/24 14:35:26] [plugins/discord-connector] Unknown gateway event 'VOICE_CHANNEL_STATUS_UPDATE'
[09/20/24 14:36:28] [plugins/discord-connector] Unknown gateway event 'VOICE_CHANNEL_STATUS_UPDATE'
[09/20/24 14:37:14] [plugins/discord-connector] Unknown gateway event 'VOICE_CHANNEL_STATUS_UPDATE'
[09/20/24 14:38:07] [plugins/discord-connector] Unknown gateway event 'VOICE_CHANNEL_STATUS_UPDATE'
[09/20/24 14:40:14] [plugins/discord-connector] Unknown gateway event 'VOICE_CHANNEL_STATUS_UPDATE'
[09/20/24 14:40:40] [plugins/discord-connector] Unknown gateway event 'VOICE_CHANNEL_STATUS_UPDATE'
[09/20/24 14:47:11] [plugins/discord-connector] Unknown gateway event 'VOICE_CHANNEL_STATUS_UPDATE'
[09/20/24 14:54:32] [plugins/discord-connector] Unknown gateway event 'VOICE_CHANNEL_STATUS_UPDATE'
[09/20/24 14:56:49] [plugins/discord-connector] Unknown gateway event 'VOICE_CHANNEL_STATUS_UPDATE'
[09/20/24 14:58:11] [plugins/discord-connector] Unknown gateway event 'VOICE_CHANNEL_STATUS_UPDATE'
[09/20/24 15:01:26] [plugins/discord-connector] Unknown gateway event 'VOICE_CHANNEL_STATUS_UPDATE'
[09/20/24 15:06:47] [plugins/discord-connector] Unknown gateway event 'VOICE_CHANNEL_STATUS_UPDATE'
[09/20/24 15:07:55] [plugins/discord-connector] Unknown gateway event 'VOICE_CHANNEL_STATUS_UPDATE'
[09/20/24 15:08:40] [plugins/discord-connector] Unknown gateway event 'VOICE_CHANNEL_STATUS_UPDATE'
[09/20/24 15:09:25] [plugins/discord-connector] Unknown gateway event 'INTEGRATION_UPDATE'
[09/20/24 15:12:44] [plugins/discord-connector] Unknown gateway event 'VOICE_CHANNEL_STATUS_UPDATE'
[09/20/24 15:13:22] [plugins/discord-connector] Unknown gateway event 'VOICE_CHANNEL_STATUS_UPDATE'
[09/20/24 15:19:34] [plugins/discord-connector] Unknown gateway event 'VOICE_CHANNEL_STATUS_UPDATE'
[09/20/24 15:21:51] [plugins/discord-connector] Unknown gateway event 'VOICE_CHANNEL_STATUS_UPDATE'
[09/20/24 15:23:16] [plugins/discord-connector] Unknown gateway event 'VOICE_CHANNEL_STATUS_UPDATE'
[09/20/24 15:27:27] [plugins/discord-connector] Unknown gateway event 'VOICE_CHANNEL_STATUS_UPDATE'
[09/20/24 15:32:40] [plugins/discord-connector] Unknown gateway event 'VOICE_CHANNEL_STATUS_UPDATE'
[09/20/24 15:36:15] [plugins/discord-connector] Unknown gateway event 'VOICE_CHANNEL_STATUS_UPDATE'
[09/20/24 15:37:43] [plugins/discord-connector] Unknown gateway event 'VOICE_CHANNEL_STATUS_UPDATE'
[09/20/24 16:02:06] [plugins/discord-connector] Unknown gateway event 'VOICE_CHANNEL_STATUS_UPDATE'
[09/20/24 16:14:29] [plugins/discord-connector] Unknown gateway event 'VOICE_CHANNEL_STATUS_UPDATE'
[09/20/24 16:15:23] [plugins/discord-connector] Unknown gateway event 'VOICE_CHANNEL_STATUS_UPDATE'
[09/20/24 16:15:32] [plugins/discord-connector] Unknown gateway event 'VOICE_CHANNEL_STATUS_UPDATE'
[09/20/24 16:22:22] [plugins/discord-connector] Unknown gateway event 'VOICE_CHANNEL_STATUS_UPDATE'
[09/20/24 16:51:25] [plugins/discord-connector] Unknown gateway event 'VOICE_CHANNEL_STATUS_UPDATE'
[09/20/24 16:52:29] [plugins/discord-connector] Unknown gateway event 'VOICE_CHANNEL_STATUS_UPDATE'
[09/20/24 16:54:57] [plugins/discord-connector] Unknown gateway event 'VOICE_CHANNEL_STATUS_UPDATE'
[09/20/24 16:56:44] [plugins/discord-connector] Unknown gateway event 'VOICE_CHANNEL_STATUS_UPDATE'
[09/20/24 16:57:01] [plugins/discord-connector] Unknown gateway event 'VOICE_CHANNEL_STATUS_UPDATE'
[09/20/24 16:57:05] [plugins/discord-connector] Unknown gateway event 'VOICE_CHANNEL_STATUS_UPDATE'
[09/20/24 16:59:46] [plugins/discord-connector] Unknown gateway event 'VOICE_CHANNEL_STATUS_UPDATE'
[09/20/24 17:09:38] [plugins/discord-connector] Unknown gateway event 'VOICE_CHANNEL_STATUS_UPDATE'
[09/20/24 17:24:08] [plugins/discord-connector] Unknown gateway event 'VOICE_CHANNEL_STATUS_UPDATE'
[09/20/24 17:39:49] [plugins/discord-connector] Unknown gateway event 'VOICE_CHANNEL_STATUS_UPDATE'
[09/20/24 17:54:59] [plugins/discord-connector] Unknown gateway event 'VOICE_CHANNEL_STATUS_UPDATE'
[09/20/24 17:57:41] [plugins/discord-connector] Unknown gateway event 'VOICE_CHANNEL_STATUS_UPDATE'
[09/20/24 18:01:15] [plugins/discord-connector] Unknown gateway event 'VOICE_CHANNEL_STATUS_UPDATE'
[09/20/24 18:11:54] [plugins/discord-connector] Unknown gateway event 'VOICE_CHANNEL_STATUS_UPDATE'
[09/20/24 18:14:12] [plugins/discord-connector] Unknown gateway event 'VOICE_CHANNEL_STATUS_UPDATE'
[09/20/24 18:22:09] [plugins/discord-connector] Unknown gateway event 'VOICE_CHANNEL_STATUS_UPDATE'
[09/20/24 18:22:52] [plugins/discord-connector] Unknown gateway event 'VOICE_CHANNEL_STATUS_UPDATE'
[09/20/24 18:27:23] [plugins/discord-connector] Unknown gateway event 'VOICE_CHANNEL_STATUS_UPDATE'
[09/20/24 18:42:41] [plugins/discord-connector] Unknown gateway event 'VOICE_CHANNEL_STATUS_UPDATE'
[09/20/24 18:48:55] [plugins/discord-connector] Unknown gateway event 'VOICE_CHANNEL_STATUS_UPDATE'
[09/20/24 18:52:25] [plugins/discord-connector] Unknown gateway event 'VOICE_CHANNEL_STATUS_UPDATE'
[09/20/24 18:54:49] [plugins/discord-connector] Unknown gateway event 'VOICE_CHANNEL_STATUS_UPDATE'
[09/20/24 19:03:00] [plugins/discord-connector] Unknown gateway event 'VOICE_CHANNEL_STATUS_UPDATE'
[09/20/24 19:13:54] [plugins/discord-connector] Unknown gateway event 'VOICE_CHANNEL_STATUS_UPDATE'
[09/20/24 19:14:38] [plugins/discord-connector] Unknown gateway event 'VOICE_CHANNEL_STATUS_UPDATE'
[09/20/24 19:17:47] [plugins/discord-connector] Unknown gateway event 'VOICE_CHANNEL_STATUS_UPDATE'
[09/20/24 19:21:58] [plugins/discord-connector] Unknown gateway event 'VOICE_CHANNEL_STATUS_UPDATE'
[09/20/24 19:23:26] [plugins/discord-connector] Unknown gateway event 'VOICE_CHANNEL_STATUS_UPDATE'
[09/20/24 19:25:09] [plugins/discord-connector] Unknown gateway event 'VOICE_CHANNEL_STATUS_UPDATE'
[09/20/24 19:26:13] [plugins/discord-connector] Unknown gateway event 'VOICE_CHANNEL_STATUS_UPDATE'
[09/20/24 19:26:16] [plugins/discord-connector] Unknown gateway event 'VOICE_CHANNEL_STATUS_UPDATE'
[09/20/24 19:35:54] [plugins/discord-connector] Unknown gateway event 'VOICE_CHANNEL_STATUS_UPDATE'
[09/20/24 19:49:40] [plugins/discord-connector] Unknown gateway event 'VOICE_CHANNEL_STATUS_UPDATE'
[09/20/24 19:52:45] [plugins/discord-connector] Unknown gateway event 'VOICE_CHANNEL_STATUS_UPDATE'
[09/20/24 19:58:11] [plugins/discord-connector] Unknown gateway event 'VOICE_CHANNEL_STATUS_UPDATE'
[09/20/24 20:00:01] [plugins/discord-connector] Unknown gateway event 'VOICE_CHANNEL_STATUS_UPDATE'
[09/20/24 20:20:09] [plugins/discord-connector] Unknown gateway event 'VOICE_CHANNEL_STATUS_UPDATE'
[09/20/24 20:31:20] [plugins/discord-connector] Unknown gateway event 'VOICE_CHANNEL_STATUS_UPDATE'
[09/20/24 20:31:39] [plugins/discord-connector] Unknown gateway event 'VOICE_CHANNEL_STATUS_UPDATE'
[09/20/24 20:33:48] [plugins/discord-connector] Unknown gateway event 'VOICE_CHANNEL_STATUS_UPDATE'
[09/20/24 20:34:12] [plugins/discord-connector] Unknown gateway event 'VOICE_CHANNEL_STATUS_UPDATE'
[09/20/24 20:37:02] [plugins/discord-connector] Unknown gateway event 'VOICE_CHANNEL_STATUS_UPDATE'
[09/20/24 20:39:18] [plugins/discord-connector] Unknown gateway event 'VOICE_CHANNEL_STATUS_UPDATE'
[09/20/24 20:39:32] [plugins/discord-connector] Unknown gateway event 'VOICE_CHANNEL_STATUS_UPDATE'
[09/20/24 20:40:36] [plugins/discord-connector] Unknown gateway event 'VOICE_CHANNEL_STATUS_UPDATE'
[09/20/24 20:41:34] [plugins/discord-connector] Unknown gateway event 'VOICE_CHANNEL_STATUS_UPDATE'
[09/20/24 20:41:50] [plugins/discord-connector] Unknown gateway event 'VOICE_CHANNEL_STATUS_UPDATE'
[09/20/24 20:42:39] [plugins/discord-connector] Unknown gateway event 'VOICE_CHANNEL_STATUS_UPDATE'
[09/20/24 20:42:51] [plugins/discord-connector] Unknown gateway event 'VOICE_CHANNEL_STATUS_UPDATE'
[09/20/24 20:44:01] [plugins/discord-connector] Unknown gateway event 'VOICE_CHANNEL_STATUS_UPDATE'
[09/20/24 20:46:08] [plugins/discord-connector] Unknown gateway event 'VOICE_CHANNEL_STATUS_UPDATE'
[09/20/24 20:52:22] [plugins/discord-connector] Unknown gateway event 'VOICE_CHANNEL_STATUS_UPDATE'
[09/20/24 20:54:10] [plugins/discord-connector] Unknown gateway event 'VOICE_CHANNEL_STATUS_UPDATE'
[09/20/24 21:02:36] [plugins/discord-connector] Unknown gateway event 'VOICE_CHANNEL_STATUS_UPDATE'
[09/20/24 21:05:16] [plugins/discord-connector] Unknown gateway event 'VOICE_CHANNEL_STATUS_UPDATE'
[09/20/24 21:27:38] [plugins/discord-connector] Unknown gateway event 'VOICE_CHANNEL_STATUS_UPDATE'
[09/20/24 21:31:25] [plugins/discord-connector] Unknown gateway event 'VOICE_CHANNEL_STATUS_UPDATE'
[09/20/24 21:48:38] [plugins/discord-connector] Unknown gateway event 'VOICE_CHANNEL_STATUS_UPDATE'
[09/20/24 21:53:53] [plugins/discord-connector] Unknown gateway event 'VOICE_CHANNEL_STATUS_UPDATE'
[09/20/24 21:58:42] [plugins/discord-connector] Unknown gateway event 'VOICE_CHANNEL_STATUS_UPDATE'
[09/20/24 22:07:17] [plugins/discord-connector] Unknown gateway event 'VOICE_CHANNEL_STATUS_UPDATE'
[09/20/24 22:07:19] [plugins/discord-connector] Unknown gateway event 'VOICE_CHANNEL_STATUS_UPDATE'
[09/20/24 22:16:27] [plugins/discord-connector] Unknown gateway event 'VOICE_CHANNEL_STATUS_UPDATE'
[09/20/24 22:18:28] [plugins/discord-connector] Unknown gateway event 'VOICE_CHANNEL_STATUS_UPDATE'
[09/20/24 22:23:35] [plugins/discord-connector] Unknown gateway event 'VOICE_CHANNEL_STATUS_UPDATE'
[09/20/24 22:34:30] [plugins/discord-connector] Unknown gateway event 'VOICE_CHANNEL_STATUS_UPDATE'
[09/20/24 22:35:52] [plugins/discord-connector] Unknown gateway event 'VOICE_CHANNEL_STATUS_UPDATE'
[09/20/24 22:35:57] [plugins/discord-connector] Unknown gateway event 'VOICE_CHANNEL_STATUS_UPDATE'
[09/20/24 22:36:04] [plugins/discord-connector] Unknown gateway event 'VOICE_CHANNEL_STATUS_UPDATE'
[09/20/24 23:28:33] [plugins/discord-connector] Unknown gateway event 'VOICE_CHANNEL_STATUS_UPDATE'
[09/20/24 23:30:35] [plugins/discord-connector] Unknown gateway event 'VOICE_CHANNEL_STATUS_UPDATE'
[09/20/24 23:33:09] [plugins/discord-connector] Unknown gateway event 'VOICE_CHANNEL_STATUS_UPDATE'
[09/20/24 23:33:44] [plugins/discord-connector] Unknown gateway event 'VOICE_CHANNEL_STATUS_UPDATE'
[09/20/24 23:39:38] [plugins/discord-connector] Unknown gateway event 'VOICE_CHANNEL_STATUS_UPDATE'
[09/21/24 00:55:25] [plugins/discord-connector] Unknown gateway event 'VOICE_CHANNEL_STATUS_UPDATE'
[09/21/24 08:36:17] [plugins/discord-connector] Unknown gateway event 'VOICE_CHANNEL_STATUS_UPDATE'
[09/21/24 08:46:46] [plugins/discord-connector] Unknown gateway event 'VOICE_CHANNEL_STATUS_UPDATE'
[09/21/24 09:09:48] [plugins/discord-connector] Unknown gateway event 'VOICE_CHANNEL_STATUS_UPDATE'
[09/21/24 09:22:26] [plugins/discord-connector] Unknown gateway event 'VOICE_CHANNEL_STATUS_UPDATE'
[09/21/24 10:04:59] [plugins/discord-connector] Unknown gateway event 'VOICE_CHANNEL_STATUS_UPDATE'
[09/21/24 10:52:38] [plugins/discord-connector] Unknown gateway event 'VOICE_CHANNEL_STATUS_UPDATE'
[09/21/24 10:55:30] [plugins/discord-connector] Unknown gateway event 'VOICE_CHANNEL_STATUS_UPDATE'
[09/21/24 11:08:43] [plugins/discord-connector] Unknown gateway event 'VOICE_CHANNEL_STATUS_UPDATE'
[09/21/24 11:50:22] [plugins/discord-connector] Unknown gateway event 'VOICE_CHANNEL_STATUS_UPDATE'
[09/21/24 11:58:49] [plugins/discord-connector] Unknown gateway event 'VOICE_CHANNEL_STATUS_UPDATE'
[09/21/24 12:19:50] [plugins/discord-connector] Unknown gateway event 'VOICE_CHANNEL_STATUS_UPDATE'
[09/21/24 13:22:34] [plugins/discord-connector] Unknown gateway event 'VOICE_CHANNEL_STATUS_UPDATE'
[09/21/24 13:32:42] [plugins/discord-connector] Unknown gateway event 'VOICE_CHANNEL_STATUS_UPDATE'
[09/21/24 13:39:31] [plugins/discord-connector] Unknown gateway event 'VOICE_CHANNEL_STATUS_UPDATE'
[09/21/24 13:43:51] [plugins/discord-connector] Unknown gateway event 'VOICE_CHANNEL_STATUS_UPDATE'
[09/21/24 13:47:29] [plugins/discord-connector] Unknown gateway event 'VOICE_CHANNEL_STATUS_UPDATE'
[09/21/24 13:52:32] [plugins/discord-connector] Unknown gateway event 'VOICE_CHANNEL_STATUS_UPDATE'
[09/21/24 13:52:56] [plugins/discord-connector] Unknown gateway event 'VOICE_CHANNEL_STATUS_UPDATE'
[09/21/24 13:54:16] [plugins/discord-connector] Unknown gateway event 'VOICE_CHANNEL_STATUS_UPDATE'
[09/21/24 13:54:29] [plugins/discord-connector] Unknown gateway event 'VOICE_CHANNEL_STATUS_UPDATE'
[09/21/24 13:54:58] [plugins/discord-connector] Unknown gateway event 'VOICE_CHANNEL_STATUS_UPDATE'
[09/21/24 14:11:05] [plugins/discord-connector] Unknown gateway event 'VOICE_CHANNEL_STATUS_UPDATE'
[09/21/24 14:11:53] [plugins/discord-connector] Unknown gateway event 'VOICE_CHANNEL_STATUS_UPDATE'
[09/21/24 14:12:14] [plugins/discord-connector] Unknown gateway event 'VOICE_CHANNEL_STATUS_UPDATE'
[09/21/24 14:25:00] [plugins/discord-connector] Unknown gateway event 'VOICE_CHANNEL_STATUS_UPDATE'
[09/21/24 15:39:11] [plugins/discord-connector] Unknown gateway event 'VOICE_CHANNEL_STATUS_UPDATE'
[09/21/24 16:06:24] [plugins/discord-connector] Unknown gateway event 'VOICE_CHANNEL_STATUS_UPDATE'
[09/21/24 16:17:27] [plugins/discord-connector] Unknown gateway event 'VOICE_CHANNEL_STATUS_UPDATE'
[09/21/24 16:31:27] [plugins/discord-connector] Unknown gateway event 'VOICE_CHANNEL_STATUS_UPDATE'
[09/21/24 16:51:27] [plugins/discord-connector] Unknown gateway event 'VOICE_CHANNEL_STATUS_UPDATE'
[09/21/24 16:51:35] [plugins/discord-connector] Unknown gateway event 'VOICE_CHANNEL_STATUS_UPDATE'
[09/21/24 16:51:52] [plugins/discord-connector] Unknown gateway event 'VOICE_CHANNEL_STATUS_UPDATE'
[09/21/24 16:56:02] [plugins/discord-connector] Unknown gateway event 'VOICE_CHANNEL_STATUS_UPDATE'
[09/21/24 16:57:47] [plugins/discord-connector] Unknown gateway event 'VOICE_CHANNEL_STATUS_UPDATE'
[09/21/24 16:58:15] [plugins/discord-connector] Unknown gateway event 'VOICE_CHANNEL_STATUS_UPDATE'
[09/21/24 17:15:03] [plugins/discord-connector] Unknown gateway event 'VOICE_CHANNEL_STATUS_UPDATE'
[09/21/24 17:18:43] [plugins/discord-connector] Unknown gateway event 'VOICE_CHANNEL_STATUS_UPDATE'
[09/21/24 17:19:29] [plugins/discord-connector] Unknown gateway event 'VOICE_CHANNEL_STATUS_UPDATE'
[09/21/24 17:36:17] [plugins/discord-connector] Unknown gateway event 'VOICE_CHANNEL_STATUS_UPDATE'
[09/21/24 17:50:21] [plugins/discord-connector] Unknown gateway event 'VOICE_CHANNEL_STATUS_UPDATE'
[09/21/24 17:51:25] [plugins/discord-connector] Unknown gateway event 'VOICE_CHANNEL_STATUS_UPDATE'
[09/21/24 17:55:44] [plugins/discord-connector] Unknown gateway event 'VOICE_CHANNEL_STATUS_UPDATE'
[09/21/24 18:34:33] [plugins/discord-connector] Unknown gateway event 'VOICE_CHANNEL_STATUS_UPDATE'
[09/21/24 18:57:15] [plugins/discord-connector] Unknown gateway event 'VOICE_CHANNEL_STATUS_UPDATE'
[09/21/24 19:22:33] [plugins/discord-connector] Unknown gateway event 'VOICE_CHANNEL_STATUS_UPDATE'
[09/21/24 19:30:59] [plugins/discord-connector] Unknown gateway event 'VOICE_CHANNEL_STATUS_UPDATE'
[09/21/24 19:32:52] [plugins/discord-connector] Unknown gateway event 'VOICE_CHANNEL_STATUS_UPDATE'
[09/21/24 19:33:13] [plugins/discord-connector] Unknown gateway event 'VOICE_CHANNEL_STATUS_UPDATE'
[09/21/24 19:44:01] [plugins/discord-connector] Unknown gateway event 'VOICE_CHANNEL_STATUS_UPDATE'
[09/21/24 20:02:53] [plugins/discord-connector] Unknown gateway event 'VOICE_CHANNEL_STATUS_UPDATE'
[09/21/24 20:05:53] [plugins/discord-connector] Unknown gateway event 'VOICE_CHANNEL_STATUS_UPDATE'
[09/21/24 20:09:30] [plugins/discord-connector] Unknown gateway event 'VOICE_CHANNEL_STATUS_UPDATE'
[09/21/24 20:10:30] [plugins/discord-connector] Unknown gateway event 'VOICE_CHANNEL_STATUS_UPDATE'
[09/21/24 20:22:38] [plugins/discord-connector] Unknown gateway event 'VOICE_CHANNEL_STATUS_UPDATE'
[09/21/24 20:24:30] [plugins/discord-connector] Unknown gateway event 'VOICE_CHANNEL_STATUS_UPDATE'
[09/21/24 20:40:43] [plugins/discord-connector] Unknown gateway event 'VOICE_CHANNEL_STATUS_UPDATE'
[09/21/24 20:41:39] [plugins/discord-connector] Unknown gateway event 'VOICE_CHANNEL_STATUS_UPDATE'
[09/21/24 20:55:37] [plugins/discord-connector] Unknown gateway event 'VOICE_CHANNEL_STATUS_UPDATE'
